<?xml version="1.0" encoding="UTF-8"?>
<testsuite xmlns:xsi="http://www.w3.org/2001/XMLSchema-instance" xsi:noNamespaceSchemaLocation="https://maven.apache.org/surefire/maven-surefire-plugin/xsd/surefire-test-report-3.0.xsd" version="3.0" name="com.urbanissue.dao.IssueDAOTest" time="0.642" tests="1" errors="0" skipped="1" failures="0">
  <properties>
[...]
</properties>
  <testcase name="findAll_returnsList" classname="com.urbanissue.dao.IssueDAOTest" time="0.0">
    <skipped type="org.opentest4j.TestAbortedException"><![CDATA[org.opentest4j.TestAbortedException: Skipping DAO test (set CIVICTRACK_DB_URL / USERNAME / PASSWORD, run schema.sql): Access denied for user 'root'@'localhost' (using password: YES)
	at org.junit.jupiter.api.Assumptions.abort(Assumptions.java:295)
	at com.urbanissue.dao.IssueDAOTest.assumeDbReachable(IssueDAOTest.java:30)
	at com.urbanissue.dao.IssueDAOTest.findAll_returnsList(IssueDAOTest.java:20)
	at java.base/java.lang.reflect.Method.invoke(Method.java:565)
	at java.base/java.util.ArrayList.forEach(ArrayList.java:1604)
	at java.base/java.util.ArrayList.forEach(ArrayList.java:1604)
]]></skipped>
  </testcase>
</testsuite>